

Started GET "/" for 172.20.0.1 at 2020-06-05 07:18:08 +0000
  [1m[36mActiveRecord::SchemaMigration Load (6.5ms)[0m  [1mSELECT "schema_migrations".* FROM "schema_migrations"[0m
Processing by UiController#index as HTML
  Rendered ui/index.html.erb (360.2ms)
Completed 500 Internal Server Error in 387ms (ActiveRecord: 0.0ms)

ActionView::Template::Error (couldn't find file 'spa/layout.css' with type 'text/css'
Checked in these paths: 
  /myapp/app/assets/images
  /myapp/app/assets/javascripts
  /myapp/app/assets/stylesheets
  /usr/local/bundle/gems/rails-assets-angular-resource-1.7.8/app/assets/javascripts
  /usr/local/bundle/gems/rails-assets-angular-ui-router-0.4.3/app/assets/javascripts
  /usr/local/bundle/gems/rails-assets-angular-1.7.8/app/assets/javascripts
  /usr/local/bundle/gems/rails-assets-angular-1.7.8/app/assets/stylesheets
  /usr/local/bundle/gems/rails-assets-bootstrap-3.4.1/app/assets/documents
  /usr/local/bundle/gems/rails-assets-bootstrap-3.4.1/app/assets/fonts
  /usr/local/bundle/gems/rails-assets-bootstrap-3.4.1/app/assets/javascripts
  /usr/local/bundle/gems/rails-assets-bootstrap-3.4.1/app/assets/stylesheets
  /usr/local/bundle/gems/rails-assets-jquery-3.4.1/app/assets/javascripts
  /usr/local/bundle/gems/jquery-rails-4.4.0/vendor/assets/javascripts
  /usr/local/bundle/gems/coffee-rails-4.2.2/lib/assets/javascripts):
    4:     <meta charset="utf-8">
    5:     <meta http-equiv="X-UA-Compatible" contents="IE=Edge,chrome=1">
    6:     <meta name="viewport" content="width=device-width, initial-scale=1.0">
    7:     <%= stylesheet_link_tag "spa-demo", :media => "all" %>
    8:     <%= javascript_include_tag "spa-demo" %>
    9:   </head>
   10:   <body>
  app/assets/stylesheets/spa-demo.css:5
  app/views/ui/index.html.erb:7:in `_app_views_ui_index_html_erb__1624592227799052422_47231973525120'


  Rendered /usr/local/bundle/gems/actionpack-4.2.6/lib/action_dispatch/middleware/templates/rescues/_source.erb (11.9ms)
  Rendered /usr/local/bundle/gems/actionpack-4.2.6/lib/action_dispatch/middleware/templates/rescues/_trace.html.erb (4.5ms)
  Rendered /usr/local/bundle/gems/actionpack-4.2.6/lib/action_dispatch/middleware/templates/rescues/_request_and_response.html.erb (1.3ms)
  Rendered /usr/local/bundle/gems/actionpack-4.2.6/lib/action_dispatch/middleware/templates/rescues/template_error.html.erb within rescues/layout (39.2ms)


Started GET "/" for 172.20.0.1 at 2020-06-05 07:18:37 +0000
Processing by UiController#index as HTML
  Rendered ui/index.html.erb (62.6ms)
Completed 200 OK in 65ms (Views: 64.8ms | ActiveRecord: 0.0ms)


Started GET "/assets/spa-demo.self-de10d151e527f37d0c4b00a58c344faad54bbb594f484fcf2fc5e47995822f13.css?body=1" for 172.20.0.1 at 2020-06-05 07:18:37 +0000


Started GET "/assets/spa-demo.self-48c93e01ac80dbc107b7e85c2fe497627c2905dcb3deabd2829faeb0efc25305.js?body=1" for 172.20.0.1 at 2020-06-05 07:18:37 +0000
  [1m[36mActiveRecord::SchemaMigration Load (1.6ms)[0m  [1mSELECT "schema_migrations".* FROM "schema_migrations"[0m


Started GET "/" for 172.20.0.1 at 2020-06-05 07:20:20 +0000
Processing by UiController#index as HTML
  Rendered ui/index.html.erb (6451.3ms)
Completed 200 OK in 6458ms (Views: 6453.9ms | ActiveRecord: 0.0ms)


Started GET "/assets/bootstrap.self-b4d380de2c288deed0d48edd3f10be2e38b92a85a549813918779c81667d740b.css?body=1" for 172.20.0.1 at 2020-06-05 07:20:27 +0000


Started GET "/assets/spa-demo.self-88faf4f6d09be5c9305dec5100f5e79609e9969df71426855f88ccb030748c8d.css?body=1" for 172.20.0.1 at 2020-06-05 07:20:27 +0000


Started GET "/" for 172.20.0.1 at 2020-06-05 07:21:05 +0000
Processing by UiController#index as HTML
  Rendered ui/index.html.erb (2597.0ms)
Completed 200 OK in 2619ms (Views: 2618.7ms | ActiveRecord: 0.0ms)


Started GET "/assets/jquery/jquery.self-e200ee796ef24add7054280d843a80de75392557bb4248241e870fac0914c0c1.js?body=1" for 172.20.0.1 at 2020-06-05 07:21:08 +0000


Started GET "/assets/jquery.self-e3b0c44298fc1c149afbf4c8996fb92427ae41e4649b934ca495991b7852b855.js?body=1" for 172.20.0.1 at 2020-06-05 07:21:08 +0000


Started GET "/assets/bootstrap/bootstrap.self-268df15f6dcd79a7aab1677a4cf8f1bf54a59cb6d1e805efa0e1f8071110762e.js?body=1" for 172.20.0.1 at 2020-06-05 07:21:08 +0000


Started GET "/assets/bootstrap.self-e3b0c44298fc1c149afbf4c8996fb92427ae41e4649b934ca495991b7852b855.js?body=1" for 172.20.0.1 at 2020-06-05 07:21:08 +0000


Started GET "/assets/angular/angular.self-2e1cec5b7d15403bad9d6142ea3a542eba21915a7e7956731bda1f2825171795.js?body=1" for 172.20.0.1 at 2020-06-05 07:21:08 +0000


Started GET "/assets/angular.self-e3b0c44298fc1c149afbf4c8996fb92427ae41e4649b934ca495991b7852b855.js?body=1" for 172.20.0.1 at 2020-06-05 07:21:08 +0000


Started GET "/assets/angular-ui-router/angular-ui-router.self-69ed20f1daa2c5fbe793bbec2f258bd84af9abf4abd228a279070cf1b2a66a3e.js?body=1" for 172.20.0.1 at 2020-06-05 07:21:08 +0000


Started GET "/assets/angular-ui-router.self-e3b0c44298fc1c149afbf4c8996fb92427ae41e4649b934ca495991b7852b855.js?body=1" for 172.20.0.1 at 2020-06-05 07:21:08 +0000


Started GET "/assets/angular-resource/angular-resource.self-5a3842935f21879cfdc7fff714fd65f56994dc11de3f8ca707473aee7ffe3480.js?body=1" for 172.20.0.1 at 2020-06-05 07:21:08 +0000


Started GET "/assets/angular-resource.self-e3b0c44298fc1c149afbf4c8996fb92427ae41e4649b934ca495991b7852b855.js?body=1" for 172.20.0.1 at 2020-06-05 07:21:08 +0000


Started GET "/assets/spa-demo.self-595dd25d3bfe960e164ac80115ae3163ab09c5b9f239a7f08cb237da0c81e3b7.js?body=1" for 172.20.0.1 at 2020-06-05 07:21:08 +0000


Started GET "/" for 172.20.0.1 at 2020-06-05 07:22:50 +0000
Processing by UiController#index as HTML
  Rendered ui/index.html.erb (111.7ms)
Completed 200 OK in 114ms (Views: 113.7ms | ActiveRecord: 0.0ms)
  [1m[36mActiveRecord::SchemaMigration Load (1.1ms)[0m  [1mSELECT "schema_migrations".* FROM "schema_migrations"[0m
  [1m[35mActiveRecord::SchemaMigration Load (0.5ms)[0m  SELECT "schema_migrations".* FROM "schema_migrations"
  [1m[36m (6.6ms)[0m  [1mSELECT t2.oid::regclass::text AS to_table, a1.attname AS column, a2.attname AS primary_key, c.conname AS name, c.confupdtype AS on_update, c.confdeltype AS on_delete
FROM pg_constraint c
JOIN pg_class t1 ON c.conrelid = t1.oid
JOIN pg_class t2 ON c.confrelid = t2.oid
JOIN pg_attribute a1 ON a1.attnum = c.conkey[1] AND a1.attrelid = t1.oid
JOIN pg_attribute a2 ON a2.attnum = c.confkey[1] AND a2.attrelid = t2.oid
JOIN pg_namespace t3 ON c.connamespace = t3.oid
WHERE c.contype = 'f'
  AND t1.relname = 'cities'
  AND t3.nspname = ANY (current_schemas(false))
ORDER BY c.conname
[0m


Started GET "/" for 172.20.0.1 at 2020-06-05 08:07:58 +0000
  [1m[36mActiveRecord::SchemaMigration Load (1.0ms)[0m  [1mSELECT "schema_migrations".* FROM "schema_migrations"[0m
Processing by UiController#index as HTML
  Rendered ui/index.html.erb (527.2ms)
Completed 200 OK in 548ms (Views: 547.8ms | ActiveRecord: 0.0ms)


Started GET "/" for 172.20.0.1 at 2020-06-05 08:21:29 +0000
  [1m[36mActiveRecord::SchemaMigration Load (1.6ms)[0m  [1mSELECT "schema_migrations".* FROM "schema_migrations"[0m
Processing by UiController#index as HTML
  Rendered ui/index.html.erb (1225.4ms)
Completed 200 OK in 1257ms (Views: 1254.7ms | ActiveRecord: 0.0ms)


Started GET "/" for 172.20.0.1 at 2020-06-05 08:21:31 +0000
Processing by UiController#index as HTML
  Rendered ui/index.html.erb (78.9ms)
Completed 200 OK in 82ms (Views: 81.5ms | ActiveRecord: 0.0ms)


Started GET "/" for 172.20.0.1 at 2020-06-05 08:22:38 +0000
  [1m[36mActiveRecord::SchemaMigration Load (1.0ms)[0m  [1mSELECT "schema_migrations".* FROM "schema_migrations"[0m
Processing by UiController#index as HTML
  Rendered ui/index.html.erb (484.5ms)
Completed 200 OK in 502ms (Views: 502.0ms | ActiveRecord: 0.0ms)


Started GET "/" for 172.20.0.1 at 2020-06-05 08:24:12 +0000
Processing by UiController#index as HTML
  Rendered ui/index.html.erb (437.5ms)
Completed 200 OK in 439ms (Views: 438.8ms | ActiveRecord: 0.0ms)


Started GET "/assets/spa-demo/app.module.self-2642be21586a96336556c9b340f7cd109d6d550221733e2f146e68595b1bab5b.js?body=1" for 172.20.0.1 at 2020-06-05 08:24:13 +0000


Started GET "/assets/spa-demo/app.router.self-0954615110ea10869d2ad84c95990d7aeac3af85a752b12b94b5e2a92e2ff495.js?body=1" for 172.20.0.1 at 2020-06-05 08:24:13 +0000


Started GET "/assets/spa-demo/app.constant.self-caf429865d98b2f59d83e410edfb8cde53b2d696ef6fb032603fa04aacdb36d0.js?body=1" for 172.20.0.1 at 2020-06-05 08:24:13 +0000


Started GET "/assets/spa-demo.self-a5a5e16bc06b0e9b1efa8d069501ef3d0f9fd900dfa65bc42aef209f41c64beb.js?body=1" for 172.20.0.1 at 2020-06-05 08:24:13 +0000


Started GET "/" for 172.20.0.1 at 2020-06-05 08:24:33 +0000
  [1m[36mActiveRecord::SchemaMigration Load (1.0ms)[0m  [1mSELECT "schema_migrations".* FROM "schema_migrations"[0m
Processing by UiController#index as HTML
  Rendered ui/index.html.erb (1063.2ms)
Completed 200 OK in 1082ms (Views: 1080.9ms | ActiveRecord: 0.0ms)


Started GET "/" for 172.20.0.1 at 2020-06-05 08:25:19 +0000
Processing by UiController#index as HTML
  Rendered ui/index.html.erb (488.5ms)
Completed 200 OK in 491ms (Views: 490.5ms | ActiveRecord: 0.0ms)


Started GET "/assets/spa-demo/app.constant.self-85dc36a114b7fa0e28c6ba8da75b9d5ba1f0e101758070cb9928194f7f0fc583.js?body=1" for 172.20.0.1 at 2020-06-05 08:25:19 +0000


Started GET "/assets/spa-demo/pages/main-d56d87ac6df602571c9c3154c374f42ae2d22aceafd0b726492584638a1cfe2c.html" for 172.20.0.1 at 2020-06-05 08:25:20 +0000


Started GET "/" for 172.20.0.1 at 2020-06-05 08:33:21 +0000
  [1m[36mActiveRecord::SchemaMigration Load (0.9ms)[0m  [1mSELECT "schema_migrations".* FROM "schema_migrations"[0m
Processing by UiController#index as HTML
  Rendered ui/index.html.erb (2273.9ms)
Completed 200 OK in 2287ms (Views: 2287.0ms | ActiveRecord: 0.0ms)


Started GET "/assets/spa-demo/app.module.self-a24d1a54e6ab1fae963bca5c4a9f9499e835fff936a5f92235e3ee55829a7009.js?body=1" for 172.20.0.1 at 2020-06-05 08:33:24 +0000


Started GET "/" for 172.20.0.1 at 2020-06-05 08:33:45 +0000
  [1m[36mActiveRecord::SchemaMigration Load (1.1ms)[0m  [1mSELECT "schema_migrations".* FROM "schema_migrations"[0m
Processing by UiController#index as HTML
  Rendered ui/index.html.erb (1746.3ms)
Completed 200 OK in 1764ms (Views: 1763.3ms | ActiveRecord: 0.0ms)


Started GET "/assets/spa-demo/cities/cities.module.self-0fd613ea4c63fb1f0b2a249897b35edcce935714d55848472872b511f7adeb74.js?body=1" for 172.20.0.1 at 2020-06-05 08:33:47 +0000


Started GET "/assets/spa-demo.self-f3d1aff2458d07b0676786cea50df2bd61e939829bba9355bf03eb807f399b5f.js?body=1" for 172.20.0.1 at 2020-06-05 08:33:47 +0000


Started GET "/" for 172.20.0.1 at 2020-06-05 08:45:26 +0000
Processing by UiController#index as HTML
  Rendered ui/index.html.erb (553.3ms)
Completed 200 OK in 555ms (Views: 554.9ms | ActiveRecord: 0.0ms)


Started GET "/assets/spa-demo/cities/cities.service.self-2f9cebb2f588f73b3e0ba99ce08b6eab79d37ea640711ec6335e0221a1b443b8.js?body=1" for 172.20.0.1 at 2020-06-05 08:45:27 +0000


Started GET "/assets/spa-demo/cities/cities.controller.self-bfd8fa241fe6f8f0e5679fb208d0e0703972c90b8dcb43f1252ac2185b67a665.js?body=1" for 172.20.0.1 at 2020-06-05 08:45:27 +0000


Started GET "/assets/spa-demo/cities/cities.directive.self-ec4fc7ebd9d29911fc819f62bf0d5ffb88c866295467b0b19543903e926d0784.js?body=1" for 172.20.0.1 at 2020-06-05 08:45:27 +0000


Started GET "/assets/spa-demo.self-15e7e6b57e63f9ef861854b8f08de2d0e91b3b45856ca2ac20d308710c98a4b0.js?body=1" for 172.20.0.1 at 2020-06-05 08:45:27 +0000


Started GET "/" for 172.20.0.1 at 2020-06-05 08:46:13 +0000
Processing by UiController#index as HTML
  Rendered ui/index.html.erb (66.4ms)
Completed 200 OK in 68ms (Views: 67.4ms | ActiveRecord: 0.0ms)


Started GET "/assets/bootstrap.self-b4d380de2c288deed0d48edd3f10be2e38b92a85a549813918779c81667d740b.css?body=1" for 172.20.0.1 at 2020-06-05 08:46:13 +0000



Started GET "/assets/jquery/jquery.self-e200ee796ef24add7054280d843a80de75392557bb4248241e870fac0914c0c1.js?body=1" for 172.20.0.1 at 2020-06-05 08:46:13 +0000

Started GET "/assets/spa-demo.self-88faf4f6d09be5c9305dec5100f5e79609e9969df71426855f88ccb030748c8d.css?body=1" for 172.20.0.1 at 2020-06-05 08:46:13 +0000


Started GET "/assets/jquery.self-e3b0c44298fc1c149afbf4c8996fb92427ae41e4649b934ca495991b7852b855.js?body=1" for 172.20.0.1 at 2020-06-05 08:46:13 +0000


Started GET "/assets/bootstrap/bootstrap.self-268df15f6dcd79a7aab1677a4cf8f1bf54a59cb6d1e805efa0e1f8071110762e.js?body=1" for 172.20.0.1 at 2020-06-05 08:46:13 +0000


Started GET "/assets/bootstrap.self-e3b0c44298fc1c149afbf4c8996fb92427ae41e4649b934ca495991b7852b855.js?body=1" for 172.20.0.1 at 2020-06-05 08:46:13 +0000


Started GET "/assets/angular/angular.self-2e1cec5b7d15403bad9d6142ea3a542eba21915a7e7956731bda1f2825171795.js?body=1" for 172.20.0.1 at 2020-06-05 08:46:13 +0000


Started GET "/assets/angular.self-e3b0c44298fc1c149afbf4c8996fb92427ae41e4649b934ca495991b7852b855.js?body=1" for 172.20.0.1 at 2020-06-05 08:46:13 +0000


Started GET "/assets/angular-ui-router/angular-ui-router.self-69ed20f1daa2c5fbe793bbec2f258bd84af9abf4abd228a279070cf1b2a66a3e.js?body=1" for 172.20.0.1 at 2020-06-05 08:46:13 +0000


Started GET "/assets/angular-ui-router.self-e3b0c44298fc1c149afbf4c8996fb92427ae41e4649b934ca495991b7852b855.js?body=1" for 172.20.0.1 at 2020-06-05 08:46:13 +0000


Started GET "/assets/angular-resource/angular-resource.self-5a3842935f21879cfdc7fff714fd65f56994dc11de3f8ca707473aee7ffe3480.js?body=1" for 172.20.0.1 at 2020-06-05 08:46:13 +0000


Started GET "/assets/angular-resource.self-e3b0c44298fc1c149afbf4c8996fb92427ae41e4649b934ca495991b7852b855.js?body=1" for 172.20.0.1 at 2020-06-05 08:46:13 +0000


Started GET "/assets/spa-demo/app.module.self-a24d1a54e6ab1fae963bca5c4a9f9499e835fff936a5f92235e3ee55829a7009.js?body=1" for 172.20.0.1 at 2020-06-05 08:46:13 +0000


Started GET "/assets/spa-demo/app.router.self-0954615110ea10869d2ad84c95990d7aeac3af85a752b12b94b5e2a92e2ff495.js?body=1" for 172.20.0.1 at 2020-06-05 08:46:13 +0000


Started GET "/assets/spa-demo/app.constant.self-85dc36a114b7fa0e28c6ba8da75b9d5ba1f0e101758070cb9928194f7f0fc583.js?body=1" for 172.20.0.1 at 2020-06-05 08:46:13 +0000


Started GET "/assets/spa-demo/cities/cities.module.self-0fd613ea4c63fb1f0b2a249897b35edcce935714d55848472872b511f7adeb74.js?body=1" for 172.20.0.1 at 2020-06-05 08:46:13 +0000


Started GET "/assets/spa-demo/cities/cities.service.self-2f9cebb2f588f73b3e0ba99ce08b6eab79d37ea640711ec6335e0221a1b443b8.js?body=1" for 172.20.0.1 at 2020-06-05 08:46:13 +0000


Started GET "/assets/spa-demo/cities/cities.controller.self-bfd8fa241fe6f8f0e5679fb208d0e0703972c90b8dcb43f1252ac2185b67a665.js?body=1" for 172.20.0.1 at 2020-06-05 08:46:13 +0000


Started GET "/assets/spa-demo/cities/cities.directive.self-ec4fc7ebd9d29911fc819f62bf0d5ffb88c866295467b0b19543903e926d0784.js?body=1" for 172.20.0.1 at 2020-06-05 08:46:13 +0000


Started GET "/assets/spa-demo.self-15e7e6b57e63f9ef861854b8f08de2d0e91b3b45856ca2ac20d308710c98a4b0.js?body=1" for 172.20.0.1 at 2020-06-05 08:46:13 +0000


Started GET "/assets/spa-demo/pages/main-d56d87ac6df602571c9c3154c374f42ae2d22aceafd0b726492584638a1cfe2c.html" for 172.20.0.1 at 2020-06-05 08:46:14 +0000


Started GET "/" for 172.20.0.1 at 2020-06-05 08:55:06 +0000
Processing by UiController#index as HTML
  Rendered ui/index.html.erb (149.1ms)
Completed 200 OK in 155ms (Views: 154.1ms | ActiveRecord: 0.0ms)


Started GET "/" for 172.20.0.1 at 2020-06-05 09:00:55 +0000
Processing by UiController#index as HTML
  Rendered ui/index.html.erb (452.1ms)
Completed 200 OK in 454ms (Views: 453.3ms | ActiveRecord: 0.0ms)


Started GET "/assets/spa-demo/cities/cities.service.self-73e32ad1de2ddb865c4a98ad3d3d4d93894e576833445169399a5015fe706db2.js?body=1" for 172.20.0.1 at 2020-06-05 09:00:56 +0000


Started GET "/" for 172.20.0.1 at 2020-06-05 09:05:49 +0000
  [1m[36mActiveRecord::SchemaMigration Load (1.1ms)[0m  [1mSELECT "schema_migrations".* FROM "schema_migrations"[0m
Processing by UiController#index as HTML
  Rendered ui/index.html.erb (1346.0ms)
Completed 200 OK in 1365ms (Views: 1364.6ms | ActiveRecord: 0.0ms)


Started GET "/assets/spa-demo/cities/cities.controller.self-1f248c4b6e9c2dd29b8c477cfa3e4ffe3341491edbe38e1e1950aece3f71383e.js?body=1" for 172.20.0.1 at 2020-06-05 09:05:51 +0000


Started GET "/" for 172.20.0.1 at 2020-06-05 09:11:43 +0000
Processing by UiController#index as HTML
  Rendered ui/index.html.erb (609.7ms)
Completed 200 OK in 611ms (Views: 611.0ms | ActiveRecord: 0.0ms)


Started GET "/assets/spa-demo/cities/cities.directive.self-933b590c2dffc21bdf43cd9483e7c5c7953004e29abdea3cd78c09927133b28e.js?body=1" for 172.20.0.1 at 2020-06-05 09:11:45 +0000


Started GET "/" for 172.20.0.1 at 2020-06-05 09:15:58 +0000
Processing by UiController#index as HTML
  Rendered ui/index.html.erb (450.1ms)
Completed 200 OK in 453ms (Views: 453.1ms | ActiveRecord: 0.0ms)


Started GET "/assets/spa-demo/cities/cities.directive.self-62fd856593e445b23d0b867385f2d366f1647f1c8241cbfb57ebc2c11d33dfb7.js?body=1" for 172.20.0.1 at 2020-06-05 09:15:58 +0000


Started GET "/" for 172.20.0.1 at 2020-06-05 09:16:13 +0000
Processing by UiController#index as HTML
  Rendered ui/index.html.erb (472.1ms)
Completed 200 OK in 473ms (Views: 473.1ms | ActiveRecord: 0.0ms)


Started GET "/assets/spa-demo/app.module.self-ebed57d0a1e1082404d99b149e23dd2fe8b9f66596db85aad3db5c0d7c025850.js?body=1" for 172.20.0.1 at 2020-06-05 09:16:14 +0000


Started GET "/" for 172.20.0.1 at 2020-06-05 09:20:27 +0000
  [1m[36mActiveRecord::SchemaMigration Load (1.1ms)[0m  [1mSELECT "schema_migrations".* FROM "schema_migrations"[0m
Processing by UiController#index as HTML
  Rendered ui/index.html.erb (1759.3ms)
Completed 200 OK in 1781ms (Views: 1780.8ms | ActiveRecord: 0.0ms)


Started GET "/assets/spa-demo/app.constant.self-434380eb7d88dccd10701dda40b30d7e252fc32f0fddc1f44de948f87a63bf3c.js?body=1" for 172.20.0.1 at 2020-06-05 09:20:29 +0000


Started GET "/" for 172.20.0.1 at 2020-06-05 09:21:00 +0000
Processing by UiController#index as HTML
  Rendered ui/index.html.erb (434.9ms)
Completed 200 OK in 437ms (Views: 436.9ms | ActiveRecord: 0.0ms)


Started GET "/assets/spa-demo/app.router.self-22753311d39e54553f0f189d6a29cff810633577ef3084b61b0198affdec6ed0.js?body=1" for 172.20.0.1 at 2020-06-05 09:21:01 +0000


Started GET "/assets/spa-demo/cities/cities-6b44b60907e03d6994ea7c8a7bf25c800ff9632f4b993c6186caee4f2ef9950d.html" for 172.20.0.1 at 2020-06-05 09:21:02 +0000


Started GET "/" for 172.20.0.1 at 2020-06-05 09:22:54 +0000
Processing by UiController#index as HTML
  Rendered ui/index.html.erb (470.1ms)
Completed 200 OK in 472ms (Views: 472.1ms | ActiveRecord: 0.0ms)


Started GET "/assets/spa-demo/cities/cities.service.self-a5193030f66ce61708b219402a1b1f595a8b6c2e8968d2bcf0c1987d9e5e533e.js?body=1" for 172.20.0.1 at 2020-06-05 09:22:55 +0000


Started GET "/assets/spa-demo/cities/cities.controller.self-1018e52c4cb55e562581bdf18000821e6cb3b48584f91ff96d5ddda339c381ce.js?body=1" for 172.20.0.1 at 2020-06-05 09:22:55 +0000


Started GET "/api/cities" for 172.20.0.1 at 2020-06-05 09:22:57 +0000
Processing by CitiesController#index as JSON
  [1m[35mCity Load (4.4ms)[0m  SELECT "cities".* FROM "cities"
  Rendered cities/_city.json.jbuilder (5.7ms)
  Rendered cities/index.json.jbuilder (33.0ms)
Completed 200 OK in 47ms (Views: 33.9ms | ActiveRecord: 10.7ms)


Started POST "/api/cities" for 172.20.0.1 at 2020-06-05 09:23:01 +0000
Processing by CitiesController#create as JSON
  Parameters: {"city"=>{"name"=>"Oleh WebDev"}}
  [1m[36m (0.3ms)[0m  [1mBEGIN[0m
  [1m[35mSQL (25.1ms)[0m  INSERT INTO "cities" ("name", "created_at", "updated_at") VALUES ($1, $2, $3) RETURNING "id"  [["name", "Oleh WebDev"], ["created_at", "2020-06-05 09:23:01.460354"], ["updated_at", "2020-06-05 09:23:01.460354"]]
  [1m[36m (3.8ms)[0m  [1mCOMMIT[0m
  Rendered cities/_city.json.jbuilder (0.8ms)
  Rendered cities/show.json.jbuilder (3.0ms)
Completed 201 Created in 55ms (Views: 5.6ms | ActiveRecord: 30.7ms)


Started PUT "/api/cities/2" for 172.20.0.1 at 2020-06-05 09:23:10 +0000
Processing by CitiesController#update as JSON
  Parameters: {"city"=>{"id"=>2, "name"=>"Baltimore34yt3", "created_at"=>"2020-05-31T19:29:25.728Z", "updated_at"=>"2020-05-31T19:29:25.728Z", "url"=>"http://localhost:3000/api/cities/2"}, "id"=>"2"}
  [1m[35mCity Load (0.5ms)[0m  SELECT  "cities".* FROM "cities" WHERE "cities"."id" = $1 LIMIT 1  [["id", 2]]
Unpermitted parameters: id, created_at, updated_at, url
  [1m[36m (1.3ms)[0m  [1mBEGIN[0m
  [1m[35mSQL (0.5ms)[0m  UPDATE "cities" SET "name" = $1, "updated_at" = $2 WHERE "cities"."id" = $3  [["name", "Baltimore34yt3"], ["updated_at", "2020-06-05 09:23:10.071913"], ["id", 2]]
  [1m[36m (1.3ms)[0m  [1mCOMMIT[0m
Completed 204 No Content in 32ms (ActiveRecord: 3.6ms)


Started PUT "/api/cities/2" for 172.20.0.1 at 2020-06-05 09:23:15 +0000
Processing by CitiesController#update as JSON
  Parameters: {"city"=>{"id"=>2, "name"=>"Baltimore34yt3", "created_at"=>"2020-05-31T19:29:25.728Z", "updated_at"=>"2020-05-31T19:29:25.728Z", "url"=>"http://localhost:3000/api/cities/2"}, "id"=>"2"}
  [1m[35mCity Load (0.5ms)[0m  SELECT  "cities".* FROM "cities" WHERE "cities"."id" = $1 LIMIT 1  [["id", 2]]
Unpermitted parameters: id, created_at, updated_at, url
  [1m[36m (0.3ms)[0m  [1mBEGIN[0m
  [1m[35m (3.0ms)[0m  COMMIT
Completed 204 No Content in 8ms (ActiveRecord: 3.8ms)


Started GET "/" for 172.20.0.1 at 2020-06-05 09:23:17 +0000
Processing by UiController#index as HTML
  Rendered ui/index.html.erb (108.1ms)
Completed 200 OK in 112ms (Views: 111.3ms | ActiveRecord: 0.0ms)


Started GET "/api/cities" for 172.20.0.1 at 2020-06-05 09:23:18 +0000
Processing by CitiesController#index as JSON
  [1m[36mCity Load (1.1ms)[0m  [1mSELECT "cities".* FROM "cities"[0m
  Rendered cities/_city.json.jbuilder (0.7ms)
  Rendered cities/_city.json.jbuilder (0.5ms)
  Rendered cities/index.json.jbuilder (8.2ms)
Completed 200 OK in 10ms (Views: 8.3ms | ActiveRecord: 1.1ms)


Started DELETE "/api/cities/3" for 172.20.0.1 at 2020-06-05 09:23:26 +0000
Processing by CitiesController#destroy as JSON
  Parameters: {"id"=>"3"}
  [1m[35mCity Load (0.5ms)[0m  SELECT  "cities".* FROM "cities" WHERE "cities"."id" = $1 LIMIT 1  [["id", 3]]
  [1m[36m (0.2ms)[0m  [1mBEGIN[0m
  [1m[35mSQL (1.2ms)[0m  DELETE FROM "cities" WHERE "cities"."id" = $1  [["id", 3]]
  [1m[36m (1.1ms)[0m  [1mCOMMIT[0m
Completed 204 No Content in 6ms (ActiveRecord: 3.0ms)


Started PUT "/api/cities/2" for 172.20.0.1 at 2020-06-05 09:23:29 +0000
Processing by CitiesController#update as JSON
  Parameters: {"city"=>{"id"=>2, "name"=>"Baltimore34yt3", "created_at"=>"2020-05-31T19:29:25.728Z", "updated_at"=>"2020-06-05T09:23:10.071Z", "url"=>"http://localhost:3000/api/cities/2"}, "id"=>"2"}
  [1m[35mCity Load (2.1ms)[0m  SELECT  "cities".* FROM "cities" WHERE "cities"."id" = $1 LIMIT 1  [["id", 2]]
Unpermitted parameters: id, created_at, updated_at, url
  [1m[36m (0.3ms)[0m  [1mBEGIN[0m
  [1m[35m (0.4ms)[0m  COMMIT
Completed 204 No Content in 5ms (ActiveRecord: 2.7ms)


Started PUT "/api/cities/2" for 172.20.0.1 at 2020-06-05 09:23:31 +0000
Processing by CitiesController#update as JSON
  Parameters: {"city"=>{"id"=>2, "name"=>"Baltimore34", "created_at"=>"2020-05-31T19:29:25.728Z", "updated_at"=>"2020-06-05T09:23:10.071Z", "url"=>"http://localhost:3000/api/cities/2"}, "id"=>"2"}
  [1m[36mCity Load (2.8ms)[0m  [1mSELECT  "cities".* FROM "cities" WHERE "cities"."id" = $1 LIMIT 1[0m  [["id", 2]]
Unpermitted parameters: id, created_at, updated_at, url
  [1m[35m (0.8ms)[0m  BEGIN
  [1m[36mSQL (3.7ms)[0m  [1mUPDATE "cities" SET "name" = $1, "updated_at" = $2 WHERE "cities"."id" = $3[0m  [["name", "Baltimore34"], ["updated_at", "2020-06-05 09:23:31.804904"], ["id", 2]]
  [1m[35m (5.2ms)[0m  COMMIT
Completed 204 No Content in 20ms (ActiveRecord: 12.5ms)


Started GET "/" for 172.20.0.1 at 2020-06-05 09:23:34 +0000
Processing by UiController#index as HTML
  Rendered ui/index.html.erb (84.1ms)
Completed 200 OK in 86ms (Views: 85.8ms | ActiveRecord: 0.0ms)


Started GET "/api/cities" for 172.20.0.1 at 2020-06-05 09:23:35 +0000
Processing by CitiesController#index as JSON
  [1m[36mCity Load (0.6ms)[0m  [1mSELECT "cities".* FROM "cities"[0m
  Rendered cities/_city.json.jbuilder (0.6ms)
  Rendered cities/index.json.jbuilder (3.2ms)
Completed 200 OK in 4ms (Views: 3.6ms | ActiveRecord: 0.6ms)


Started GET "/" for 172.20.0.1 at 2020-06-05 09:25:47 +0000
Processing by UiController#index as HTML
  Rendered ui/index.html.erb (497.7ms)
Completed 200 OK in 502ms (Views: 501.4ms | ActiveRecord: 0.0ms)


Started GET "/assets/spa-demo/layout.self-be0834ae52ae2a3e40d0119a16f811d1add66e75d4e5576aaa3aaa70c12a9afc.css?body=1" for 172.20.0.1 at 2020-06-05 09:25:48 +0000


Started GET "/assets/spa-demo.self-1b1d7c319f7c8fba79096337165ab8efa907ea197a788f92e1301dd1683d4370.css?body=1" for 172.20.0.1 at 2020-06-05 09:25:48 +0000


Started GET "/api/cities" for 172.20.0.1 at 2020-06-05 09:25:50 +0000
Processing by CitiesController#index as JSON
  [1m[35mCity Load (1.1ms)[0m  SELECT "cities".* FROM "cities"
  Rendered cities/_city.json.jbuilder (1.5ms)
  Rendered cities/index.json.jbuilder (11.2ms)
Completed 200 OK in 15ms (Views: 13.4ms | ActiveRecord: 1.1ms)


Started PUT "/api/cities/2" for 172.20.0.1 at 2020-06-05 09:36:58 +0000
Processing by CitiesController#update as JSON
  Parameters: {"city"=>{"id"=>2, "name"=>"Baltimore343", "created_at"=>"2020-05-31T19:29:25.728Z", "updated_at"=>"2020-06-05T09:23:31.804Z", "url"=>"http://localhost:3000/api/cities/2"}, "id"=>"2"}
  [1m[36mCity Load (0.5ms)[0m  [1mSELECT  "cities".* FROM "cities" WHERE "cities"."id" = $1 LIMIT 1[0m  [["id", 2]]
Unpermitted parameters: id, created_at, updated_at, url
  [1m[35m (0.2ms)[0m  BEGIN
  [1m[36mSQL (0.5ms)[0m  [1mUPDATE "cities" SET "name" = $1, "updated_at" = $2 WHERE "cities"."id" = $3[0m  [["name", "Baltimore343"], ["updated_at", "2020-06-05 09:36:58.120046"], ["id", 2]]
  [1m[35m (1.3ms)[0m  COMMIT
Completed 204 No Content in 11ms (ActiveRecord: 2.6ms)


Started GET "/" for 172.20.0.1 at 2020-06-05 09:37:28 +0000
Processing by UiController#index as HTML
  Rendered ui/index.html.erb (462.5ms)
Completed 200 OK in 467ms (Views: 466.5ms | ActiveRecord: 0.0ms)


Started GET "/assets/spa-demo/cities/cities.controller.self-0f9a3d05a2110bfeb7f0e0243a9f7ad8f7b69066306c5e04720ae4cd3cd1d180.js?body=1" for 172.20.0.1 at 2020-06-05 09:37:28 +0000


Started GET "/api/cities" for 172.20.0.1 at 2020-06-05 09:37:29 +0000
Processing by CitiesController#index as JSON
  [1m[36mCity Load (1.7ms)[0m  [1mSELECT "cities".* FROM "cities"[0m
  Rendered cities/_city.json.jbuilder (0.6ms)
  Rendered cities/index.json.jbuilder (4.9ms)
Completed 200 OK in 6ms (Views: 4.5ms | ActiveRecord: 1.7ms)


Started PUT "/api/cities/2" for 172.20.0.1 at 2020-06-05 09:37:35 +0000
Processing by CitiesController#update as JSON
  Parameters: {"city"=>{"id"=>2, "name"=>"Baltimore3436", "created_at"=>"2020-05-31T19:29:25.728Z", "updated_at"=>"2020-06-05T09:36:58.120Z", "url"=>"http://localhost:3000/api/cities/2"}, "id"=>"2"}
  [1m[35mCity Load (0.9ms)[0m  SELECT  "cities".* FROM "cities" WHERE "cities"."id" = $1 LIMIT 1  [["id", 2]]
Unpermitted parameters: id, created_at, updated_at, url
  [1m[36m (0.3ms)[0m  [1mBEGIN[0m
  [1m[35mSQL (0.7ms)[0m  UPDATE "cities" SET "name" = $1, "updated_at" = $2 WHERE "cities"."id" = $3  [["name", "Baltimore3436"], ["updated_at", "2020-06-05 09:37:35.971592"], ["id", 2]]
  [1m[36m (1.7ms)[0m  [1mCOMMIT[0m
Completed 204 No Content in 8ms (ActiveRecord: 3.6ms)


Started GET "/" for 172.20.0.1 at 2020-06-05 09:37:50 +0000
Processing by UiController#index as HTML
  Rendered ui/index.html.erb (96.6ms)
Completed 200 OK in 100ms (Views: 99.5ms | ActiveRecord: 0.0ms)


Started GET "/api/cities" for 172.20.0.1 at 2020-06-05 09:37:51 +0000
Processing by CitiesController#index as JSON
  [1m[35mCity Load (0.5ms)[0m  SELECT "cities".* FROM "cities"
  Rendered cities/_city.json.jbuilder (0.7ms)
  Rendered cities/index.json.jbuilder (5.3ms)
Completed 200 OK in 7ms (Views: 5.8ms | ActiveRecord: 0.5ms)


Started POST "/api/cities" for 172.20.0.1 at 2020-06-05 09:42:42 +0000
Processing by CitiesController#create as JSON
  Parameters: {"city"=>{}}
Completed 400 Bad Request in 0ms (ActiveRecord: 0.0ms)

ActionController::ParameterMissing (param is missing or the value is empty: city):
  app/controllers/cities_controller.rb:45:in `city_params'
  app/controllers/cities_controller.rb:14:in `create'


  Rendered /usr/local/bundle/gems/actionpack-4.2.6/lib/action_dispatch/middleware/templates/rescues/_source.erb (17.5ms)
  Rendered /usr/local/bundle/gems/actionpack-4.2.6/lib/action_dispatch/middleware/templates/rescues/_trace.html.erb (7.8ms)
  Rendered /usr/local/bundle/gems/actionpack-4.2.6/lib/action_dispatch/middleware/templates/rescues/_request_and_response.html.erb (2.0ms)
  Rendered /usr/local/bundle/gems/actionpack-4.2.6/lib/action_dispatch/middleware/templates/rescues/diagnostics.html.erb within rescues/layout (59.6ms)


Started POST "/api/cities" for 172.20.0.1 at 2020-06-05 09:42:46 +0000
Processing by CitiesController#create as JSON
  Parameters: {"city"=>{"name"=>"12324"}}
  [1m[36m (0.3ms)[0m  [1mBEGIN[0m
  [1m[35mSQL (0.6ms)[0m  INSERT INTO "cities" ("name", "created_at", "updated_at") VALUES ($1, $2, $3) RETURNING "id"  [["name", "12324"], ["created_at", "2020-06-05 09:42:46.755472"], ["updated_at", "2020-06-05 09:42:46.755472"]]
  [1m[36m (11.4ms)[0m  [1mCOMMIT[0m
  Rendered cities/_city.json.jbuilder (0.5ms)
  Rendered cities/show.json.jbuilder (2.3ms)
Completed 201 Created in 25ms (Views: 8.5ms | ActiveRecord: 12.3ms)


Started PUT "/api/cities/4" for 172.20.0.1 at 2020-06-05 09:43:03 +0000
Processing by CitiesController#update as JSON
  Parameters: {"city"=>{"id"=>4, "name"=>"123245", "created_at"=>"2020-06-05T09:42:46.755Z", "updated_at"=>"2020-06-05T09:42:46.755Z", "url"=>"http://localhost:3000/api/cities/4"}, "id"=>"4"}
  [1m[35mCity Load (0.4ms)[0m  SELECT  "cities".* FROM "cities" WHERE "cities"."id" = $1 LIMIT 1  [["id", 4]]
Unpermitted parameters: id, created_at, updated_at, url
  [1m[36m (0.3ms)[0m  [1mBEGIN[0m
  [1m[35mSQL (0.6ms)[0m  UPDATE "cities" SET "name" = $1, "updated_at" = $2 WHERE "cities"."id" = $3  [["name", "123245"], ["updated_at", "2020-06-05 09:43:03.183982"], ["id", 4]]
  [1m[36m (1.0ms)[0m  [1mCOMMIT[0m
Completed 204 No Content in 9ms (ActiveRecord: 2.2ms)


Started PUT "/api/cities/2" for 172.20.0.1 at 2020-06-05 09:43:18 +0000
Processing by CitiesController#update as JSON
  Parameters: {"city"=>{"id"=>2, "name"=>"Baltimore343", "created_at"=>"2020-05-31T19:29:25.728Z", "updated_at"=>"2020-06-05T09:37:35.971Z", "url"=>"http://localhost:3000/api/cities/2"}, "id"=>"2"}
  [1m[35mCity Load (0.6ms)[0m  SELECT  "cities".* FROM "cities" WHERE "cities"."id" = $1 LIMIT 1  [["id", 2]]
Unpermitted parameters: id, created_at, updated_at, url
  [1m[36m (1.0ms)[0m  [1mBEGIN[0m
  [1m[35mSQL (1.3ms)[0m  UPDATE "cities" SET "name" = $1, "updated_at" = $2 WHERE "cities"."id" = $3  [["name", "Baltimore343"], ["updated_at", "2020-06-05 09:43:18.468993"], ["id", 2]]
  [1m[36m (2.6ms)[0m  [1mCOMMIT[0m
Completed 204 No Content in 13ms (ActiveRecord: 5.5ms)


Started PUT "/api/cities/2" for 172.20.0.1 at 2020-06-05 09:43:22 +0000
Processing by CitiesController#update as JSON
  Parameters: {"city"=>{"id"=>2, "name"=>"Baltimore343", "created_at"=>"2020-05-31T19:29:25.728Z", "updated_at"=>"2020-06-05T09:37:35.971Z", "url"=>"http://localhost:3000/api/cities/2"}, "id"=>"2"}
  [1m[35mCity Load (0.4ms)[0m  SELECT  "cities".* FROM "cities" WHERE "cities"."id" = $1 LIMIT 1  [["id", 2]]
Unpermitted parameters: id, created_at, updated_at, url
  [1m[36m (0.3ms)[0m  [1mBEGIN[0m
  [1m[35m (0.3ms)[0m  COMMIT
Completed 204 No Content in 5ms (ActiveRecord: 0.9ms)


Started PUT "/api/cities/2" for 172.20.0.1 at 2020-06-05 09:43:27 +0000
Processing by CitiesController#update as JSON
  Parameters: {"city"=>{"id"=>2, "name"=>"Baltimore343", "created_at"=>"2020-05-31T19:29:25.728Z", "updated_at"=>"2020-06-05T09:37:35.971Z", "url"=>"http://localhost:3000/api/cities/2"}, "id"=>"2"}
  [1m[36mCity Load (0.4ms)[0m  [1mSELECT  "cities".* FROM "cities" WHERE "cities"."id" = $1 LIMIT 1[0m  [["id", 2]]
Unpermitted parameters: id, created_at, updated_at, url
  [1m[35m (0.3ms)[0m  BEGIN
  [1m[36m (0.3ms)[0m  [1mCOMMIT[0m
Completed 204 No Content in 6ms (ActiveRecord: 0.9ms)


Started PUT "/api/cities/4" for 172.20.0.1 at 2020-06-05 09:43:28 +0000
Processing by CitiesController#update as JSON
  Parameters: {"city"=>{"id"=>4, "name"=>"123245", "created_at"=>"2020-06-05T09:42:46.755Z", "updated_at"=>"2020-06-05T09:42:46.755Z", "url"=>"http://localhost:3000/api/cities/4"}, "id"=>"4"}
  [1m[35mCity Load (0.4ms)[0m  SELECT  "cities".* FROM "cities" WHERE "cities"."id" = $1 LIMIT 1  [["id", 4]]
Unpermitted parameters: id, created_at, updated_at, url
  [1m[36m (0.3ms)[0m  [1mBEGIN[0m
  [1m[35m (0.3ms)[0m  COMMIT
Completed 204 No Content in 9ms (ActiveRecord: 0.9ms)


Started PUT "/api/cities/4" for 172.20.0.1 at 2020-06-05 09:43:48 +0000
Processing by CitiesController#update as JSON
  Parameters: {"city"=>{"id"=>4, "name"=>"1232", "created_at"=>"2020-06-05T09:42:46.755Z", "updated_at"=>"2020-06-05T09:42:46.755Z", "url"=>"http://localhost:3000/api/cities/4"}, "id"=>"4"}
  [1m[36mCity Load (0.4ms)[0m  [1mSELECT  "cities".* FROM "cities" WHERE "cities"."id" = $1 LIMIT 1[0m  [["id", 4]]
Unpermitted parameters: id, created_at, updated_at, url
  [1m[35m (0.3ms)[0m  BEGIN
  [1m[36mSQL (0.5ms)[0m  [1mUPDATE "cities" SET "name" = $1, "updated_at" = $2 WHERE "cities"."id" = $3[0m  [["name", "1232"], ["updated_at", "2020-06-05 09:43:48.156017"], ["id", 4]]
  [1m[35m (1.1ms)[0m  COMMIT
Completed 204 No Content in 10ms (ActiveRecord: 2.2ms)


Started GET "/" for 172.20.0.1 at 2020-06-05 09:43:55 +0000
Processing by UiController#index as HTML
  Rendered ui/index.html.erb (446.3ms)
Completed 200 OK in 451ms (Views: 448.4ms | ActiveRecord: 0.0ms)


Started GET "/assets/spa-demo/cities/cities.controller.self-0e820384e619c2a9644670d71e135478353d26474d6ceec023f8209c06b6c648.js?body=1" for 172.20.0.1 at 2020-06-05 09:43:55 +0000


Started GET "/api/cities" for 172.20.0.1 at 2020-06-05 09:43:56 +0000
Processing by CitiesController#index as JSON
  [1m[36mCity Load (1.1ms)[0m  [1mSELECT "cities".* FROM "cities"[0m
  Rendered cities/_city.json.jbuilder (0.6ms)
  Rendered cities/_city.json.jbuilder (0.6ms)
  Rendered cities/index.json.jbuilder (8.0ms)
Completed 200 OK in 9ms (Views: 7.9ms | ActiveRecord: 1.1ms)


Started PUT "/api/cities/4" for 172.20.0.1 at 2020-06-05 09:44:24 +0000
Processing by CitiesController#update as JSON
  Parameters: {"city"=>{"id"=>4, "name"=>"123245", "created_at"=>"2020-06-05T09:42:46.755Z", "updated_at"=>"2020-06-05T09:43:48.156Z", "url"=>"http://localhost:3000/api/cities/4"}, "id"=>"4"}
  [1m[35mCity Load (0.9ms)[0m  SELECT  "cities".* FROM "cities" WHERE "cities"."id" = $1 LIMIT 1  [["id", 4]]
Unpermitted parameters: id, created_at, updated_at, url
  [1m[36m (2.9ms)[0m  [1mBEGIN[0m
  [1m[35mSQL (0.4ms)[0m  UPDATE "cities" SET "name" = $1, "updated_at" = $2 WHERE "cities"."id" = $3  [["name", "123245"], ["updated_at", "2020-06-05 09:44:24.800460"], ["id", 4]]
  [1m[36m (55.0ms)[0m  [1mCOMMIT[0m
Completed 204 No Content in 65ms (ActiveRecord: 59.1ms)


Started PUT "/api/cities/2" for 172.20.0.1 at 2020-06-05 09:44:42 +0000
Processing by CitiesController#update as JSON
  Parameters: {"city"=>{"id"=>2, "name"=>"Baltimore343454", "created_at"=>"2020-05-31T19:29:25.728Z", "updated_at"=>"2020-06-05T09:43:18.468Z", "url"=>"http://localhost:3000/api/cities/2"}, "id"=>"2"}
  [1m[35mCity Load (0.6ms)[0m  SELECT  "cities".* FROM "cities" WHERE "cities"."id" = $1 LIMIT 1  [["id", 2]]
Unpermitted parameters: id, created_at, updated_at, url
  [1m[36m (1.4ms)[0m  [1mBEGIN[0m
  [1m[35mSQL (0.7ms)[0m  UPDATE "cities" SET "name" = $1, "updated_at" = $2 WHERE "cities"."id" = $3  [["name", "Baltimore343454"], ["updated_at", "2020-06-05 09:44:42.009095"], ["id", 2]]
  [1m[36m (1.1ms)[0m  [1mCOMMIT[0m
Completed 204 No Content in 10ms (ActiveRecord: 3.9ms)


Started GET "/" for 172.20.0.1 at 2020-06-05 09:45:29 +0000
Processing by UiController#index as HTML
  Rendered ui/index.html.erb (474.3ms)
Completed 200 OK in 476ms (Views: 475.8ms | ActiveRecord: 0.0ms)


Started GET "/assets/spa-demo/cities/cities.controller.self-56f855d0e6d7c0ba742c37ade730c60880481eaca544a483ba93a4d30934e13f.js?body=1" for 172.20.0.1 at 2020-06-05 09:45:30 +0000


Started GET "/api/cities" for 172.20.0.1 at 2020-06-05 09:45:30 +0000
Processing by CitiesController#index as JSON
  [1m[35mCity Load (3.9ms)[0m  SELECT "cities".* FROM "cities"
  Rendered cities/_city.json.jbuilder (5.5ms)
  Rendered cities/_city.json.jbuilder (1.2ms)
  Rendered cities/index.json.jbuilder (42.2ms)
Completed 200 OK in 52ms (Views: 38.3ms | ActiveRecord: 10.8ms)


Started PUT "/api/cities/2" for 172.20.0.1 at 2020-06-05 09:45:39 +0000
Processing by CitiesController#update as JSON
  Parameters: {"city"=>{"id"=>2, "name"=>"Baltimore3434", "created_at"=>"2020-05-31T19:29:25.728Z", "updated_at"=>"2020-06-05T09:44:42.009Z", "url"=>"http://localhost:3000/api/cities/2"}, "id"=>"2"}
  [1m[36mCity Load (1.1ms)[0m  [1mSELECT  "cities".* FROM "cities" WHERE "cities"."id" = $1 LIMIT 1[0m  [["id", 2]]
Unpermitted parameters: id, created_at, updated_at, url
  [1m[35m (0.4ms)[0m  BEGIN
  [1m[36mSQL (0.5ms)[0m  [1mUPDATE "cities" SET "name" = $1, "updated_at" = $2 WHERE "cities"."id" = $3[0m  [["name", "Baltimore3434"], ["updated_at", "2020-06-05 09:45:39.602400"], ["id", 2]]
  [1m[35m (1.3ms)[0m  COMMIT
Completed 204 No Content in 41ms (ActiveRecord: 4.6ms)


Started GET "/" for 172.20.0.1 at 2020-06-05 09:46:12 +0000
Processing by UiController#index as HTML
  Rendered ui/index.html.erb (442.4ms)
Completed 200 OK in 444ms (Views: 443.9ms | ActiveRecord: 0.0ms)


Started GET "/assets/spa-demo/cities/cities.controller.self-487415c81ec88e682938c72f20b6420e2d5d8399fdba33c1c01959bb1e983892.js?body=1" for 172.20.0.1 at 2020-06-05 09:46:13 +0000


Started GET "/api/cities" for 172.20.0.1 at 2020-06-05 09:46:13 +0000
Processing by CitiesController#index as JSON
  [1m[35mCity Load (0.9ms)[0m  SELECT "cities".* FROM "cities"
  Rendered cities/_city.json.jbuilder (0.6ms)
  Rendered cities/_city.json.jbuilder (0.6ms)
  Rendered cities/index.json.jbuilder (4.5ms)
Completed 200 OK in 6ms (Views: 4.8ms | ActiveRecord: 0.9ms)


Started GET "/" for 172.20.0.1 at 2020-06-05 09:46:25 +0000
Processing by UiController#index as HTML
  Rendered ui/index.html.erb (73.6ms)
Completed 200 OK in 75ms (Views: 74.9ms | ActiveRecord: 0.0ms)


Started GET "/api/cities" for 172.20.0.1 at 2020-06-05 09:46:26 +0000
Processing by CitiesController#index as JSON
  [1m[36mCity Load (0.7ms)[0m  [1mSELECT "cities".* FROM "cities"[0m
  Rendered cities/_city.json.jbuilder (0.7ms)
  Rendered cities/_city.json.jbuilder (0.6ms)
  Rendered cities/index.json.jbuilder (4.4ms)
Completed 200 OK in 6ms (Views: 4.7ms | ActiveRecord: 0.7ms)


Started PUT "/api/cities/2" for 172.20.0.1 at 2020-06-05 09:46:33 +0000
Processing by CitiesController#update as JSON
  Parameters: {"city"=>{"id"=>2, "name"=>"Baltimore343466", "created_at"=>"2020-05-31T19:29:25.728Z", "updated_at"=>"2020-06-05T09:45:39.602Z", "url"=>"http://localhost:3000/api/cities/2"}, "id"=>"2"}
  [1m[35mCity Load (0.5ms)[0m  SELECT  "cities".* FROM "cities" WHERE "cities"."id" = $1 LIMIT 1  [["id", 2]]
Unpermitted parameters: id, created_at, updated_at, url
  [1m[36m (0.4ms)[0m  [1mBEGIN[0m
  [1m[35mSQL (1.8ms)[0m  UPDATE "cities" SET "name" = $1, "updated_at" = $2 WHERE "cities"."id" = $3  [["name", "Baltimore343466"], ["updated_at", "2020-06-05 09:46:33.209918"], ["id", 2]]
  [1m[36m (8.6ms)[0m  [1mCOMMIT[0m
Completed 204 No Content in 16ms (ActiveRecord: 11.4ms)


Started GET "/" for 172.20.0.1 at 2020-06-05 09:47:13 +0000
Processing by UiController#index as HTML
  Rendered ui/index.html.erb (467.8ms)
Completed 200 OK in 469ms (Views: 469.2ms | ActiveRecord: 0.0ms)


Started GET "/assets/spa-demo/cities/cities.controller.self-35b4112251a1e5e4162297c8a25fe0a28a0ec7ce0f208b9e44e890d2171e0e0c.js?body=1" for 172.20.0.1 at 2020-06-05 09:47:13 +0000


Started GET "/api/cities" for 172.20.0.1 at 2020-06-05 09:47:14 +0000
Processing by CitiesController#index as JSON
  [1m[35mCity Load (0.5ms)[0m  SELECT "cities".* FROM "cities"
  Rendered cities/_city.json.jbuilder (0.6ms)
  Rendered cities/_city.json.jbuilder (0.6ms)
  Rendered cities/index.json.jbuilder (7.0ms)
Completed 200 OK in 9ms (Views: 8.1ms | ActiveRecord: 0.5ms)


Started PUT "/api/cities/2" for 172.20.0.1 at 2020-06-05 09:47:20 +0000
Processing by CitiesController#update as JSON
  Parameters: {"city"=>{"id"=>2, "name"=>"Baltimore3434", "created_at"=>"2020-05-31T19:29:25.728Z", "updated_at"=>"2020-06-05T09:46:33.209Z", "url"=>"http://localhost:3000/api/cities/2"}, "id"=>"2"}
  [1m[36mCity Load (0.9ms)[0m  [1mSELECT  "cities".* FROM "cities" WHERE "cities"."id" = $1 LIMIT 1[0m  [["id", 2]]
Unpermitted parameters: id, created_at, updated_at, url
  [1m[35m (0.9ms)[0m  BEGIN
  [1m[36mSQL (1.9ms)[0m  [1mUPDATE "cities" SET "name" = $1, "updated_at" = $2 WHERE "cities"."id" = $3[0m  [["name", "Baltimore3434"], ["updated_at", "2020-06-05 09:47:20.302167"], ["id", 2]]
  [1m[35m (2.9ms)[0m  COMMIT
Completed 204 No Content in 19ms (ActiveRecord: 6.6ms)


Started GET "/api/cities" for 172.20.0.1 at 2020-06-05 09:47:20 +0000
Processing by CitiesController#index as JSON
  [1m[36mCity Load (0.5ms)[0m  [1mSELECT "cities".* FROM "cities"[0m
  Rendered cities/_city.json.jbuilder (0.6ms)
  Rendered cities/_city.json.jbuilder (0.6ms)
  Rendered cities/index.json.jbuilder (8.6ms)
Completed 200 OK in 10ms (Views: 9.1ms | ActiveRecord: 0.5ms)


Started PUT "/api/cities/2" for 172.20.0.1 at 2020-06-05 09:47:32 +0000
Processing by CitiesController#update as JSON
  Parameters: {"city"=>{"id"=>2, "name"=>"Baltimore343467", "created_at"=>"2020-05-31T19:29:25.728Z", "updated_at"=>"2020-06-05T09:46:33.209Z", "url"=>"http://localhost:3000/api/cities/2"}, "id"=>"2"}
  [1m[35mCity Load (0.4ms)[0m  SELECT  "cities".* FROM "cities" WHERE "cities"."id" = $1 LIMIT 1  [["id", 2]]
Unpermitted parameters: id, created_at, updated_at, url
  [1m[36m (0.3ms)[0m  [1mBEGIN[0m
  [1m[35mSQL (0.4ms)[0m  UPDATE "cities" SET "name" = $1, "updated_at" = $2 WHERE "cities"."id" = $3  [["name", "Baltimore343467"], ["updated_at", "2020-06-05 09:47:32.784398"], ["id", 2]]
  [1m[36m (1.8ms)[0m  [1mCOMMIT[0m
Completed 204 No Content in 9ms (ActiveRecord: 2.8ms)


Started GET "/api/cities" for 172.20.0.1 at 2020-06-05 09:47:32 +0000
Processing by CitiesController#index as JSON
  [1m[35mCity Load (2.4ms)[0m  SELECT "cities".* FROM "cities"
  Rendered cities/_city.json.jbuilder (2.5ms)
  Rendered cities/_city.json.jbuilder (0.6ms)
  Rendered cities/index.json.jbuilder (9.0ms)
Completed 200 OK in 11ms (Views: 8.4ms | ActiveRecord: 2.4ms)


Started GET "/" for 172.20.0.1 at 2020-06-05 09:48:18 +0000
Processing by UiController#index as HTML
  Rendered ui/index.html.erb (466.1ms)
Completed 200 OK in 468ms (Views: 467.7ms | ActiveRecord: 0.0ms)


Started GET "/assets/spa-demo/cities/cities.controller.self-dd651a7c7a01c367e4fcaaa7cd29311fe0a78ddfb5102903f7ecb4de927bfa54.js?body=1" for 172.20.0.1 at 2020-06-05 09:48:19 +0000


Started GET "/api/cities" for 172.20.0.1 at 2020-06-05 09:48:19 +0000
Processing by CitiesController#index as JSON
  [1m[36mCity Load (0.5ms)[0m  [1mSELECT "cities".* FROM "cities"[0m
  Rendered cities/_city.json.jbuilder (0.7ms)
  Rendered cities/_city.json.jbuilder (0.4ms)
  Rendered cities/index.json.jbuilder (7.7ms)
Completed 200 OK in 10ms (Views: 8.6ms | ActiveRecord: 0.5ms)


Started POST "/api/cities" for 172.20.0.1 at 2020-06-05 09:48:21 +0000
Processing by CitiesController#create as JSON
  Parameters: {"city"=>{}}
Completed 400 Bad Request in 0ms (ActiveRecord: 0.0ms)

ActionController::ParameterMissing (param is missing or the value is empty: city):
  app/controllers/cities_controller.rb:45:in `city_params'
  app/controllers/cities_controller.rb:14:in `create'


  Rendered /usr/local/bundle/gems/actionpack-4.2.6/lib/action_dispatch/middleware/templates/rescues/_source.erb (7.8ms)
  Rendered /usr/local/bundle/gems/actionpack-4.2.6/lib/action_dispatch/middleware/templates/rescues/_trace.html.erb (5.0ms)
  Rendered /usr/local/bundle/gems/actionpack-4.2.6/lib/action_dispatch/middleware/templates/rescues/_request_and_response.html.erb (2.3ms)
  Rendered /usr/local/bundle/gems/actionpack-4.2.6/lib/action_dispatch/middleware/templates/rescues/diagnostics.html.erb within rescues/layout (37.1ms)


Started POST "/api/cities" for 172.20.0.1 at 2020-06-05 09:48:25 +0000
Processing by CitiesController#create as JSON
  Parameters: {"city"=>{"name"=>"546546"}}
  [1m[35m (0.3ms)[0m  BEGIN
  [1m[36mSQL (0.4ms)[0m  [1mINSERT INTO "cities" ("name", "created_at", "updated_at") VALUES ($1, $2, $3) RETURNING "id"[0m  [["name", "546546"], ["created_at", "2020-06-05 09:48:25.159751"], ["updated_at", "2020-06-05 09:48:25.159751"]]
  [1m[35m (0.9ms)[0m  COMMIT
  Rendered cities/_city.json.jbuilder (0.3ms)
  Rendered cities/show.json.jbuilder (1.3ms)
Completed 201 Created in 13ms (Views: 2.8ms | ActiveRecord: 1.6ms)


Started PUT "/api/cities/5" for 172.20.0.1 at 2020-06-05 09:48:31 +0000
Processing by CitiesController#update as JSON
  Parameters: {"city"=>{"id"=>5, "name"=>"546546667", "created_at"=>"2020-06-05T09:48:25.159Z", "updated_at"=>"2020-06-05T09:48:25.159Z", "url"=>"http://localhost:3000/api/cities/5"}, "id"=>"5"}
  [1m[36mCity Load (0.4ms)[0m  [1mSELECT  "cities".* FROM "cities" WHERE "cities"."id" = $1 LIMIT 1[0m  [["id", 5]]
Unpermitted parameters: id, created_at, updated_at, url
  [1m[35m (0.3ms)[0m  BEGIN
  [1m[36mSQL (1.1ms)[0m  [1mUPDATE "cities" SET "name" = $1, "updated_at" = $2 WHERE "cities"."id" = $3[0m  [["name", "546546667"], ["updated_at", "2020-06-05 09:48:31.524799"], ["id", 5]]
  [1m[35m (3.3ms)[0m  COMMIT
Completed 204 No Content in 13ms (ActiveRecord: 5.1ms)


Started PUT "/api/cities/5" for 172.20.0.1 at 2020-06-05 09:48:53 +0000
Processing by CitiesController#update as JSON
  Parameters: {"city"=>{"id"=>5, "name"=>"54654666734", "created_at"=>"2020-06-05T09:48:25.159Z", "updated_at"=>"2020-06-05T09:48:25.159Z", "url"=>"http://localhost:3000/api/cities/5"}, "id"=>"5"}
  [1m[36mCity Load (0.5ms)[0m  [1mSELECT  "cities".* FROM "cities" WHERE "cities"."id" = $1 LIMIT 1[0m  [["id", 5]]
Unpermitted parameters: id, created_at, updated_at, url
  [1m[35m (0.3ms)[0m  BEGIN
  [1m[36mSQL (0.8ms)[0m  [1mUPDATE "cities" SET "name" = $1, "updated_at" = $2 WHERE "cities"."id" = $3[0m  [["name", "54654666734"], ["updated_at", "2020-06-05 09:48:53.375209"], ["id", 5]]
  [1m[35m (1.4ms)[0m  COMMIT
Completed 204 No Content in 8ms (ActiveRecord: 3.0ms)


Started GET "/" for 172.20.0.1 at 2020-06-05 09:48:55 +0000
Processing by UiController#index as HTML
  Rendered ui/index.html.erb (138.8ms)
Completed 200 OK in 141ms (Views: 141.2ms | ActiveRecord: 0.0ms)


Started GET "/api/cities" for 172.20.0.1 at 2020-06-05 09:48:56 +0000
Processing by CitiesController#index as JSON
  [1m[36mCity Load (0.5ms)[0m  [1mSELECT "cities".* FROM "cities"[0m
  Rendered cities/_city.json.jbuilder (1.0ms)
  Rendered cities/_city.json.jbuilder (0.5ms)
  Rendered cities/_city.json.jbuilder (0.6ms)
  Rendered cities/index.json.jbuilder (12.5ms)
Completed 200 OK in 14ms (Views: 13.1ms | ActiveRecord: 0.5ms)


Started GET "/" for 172.20.0.1 at 2020-06-05 09:49:51 +0000
Processing by UiController#index as HTML
  Rendered ui/index.html.erb (462.7ms)
Completed 200 OK in 464ms (Views: 464.1ms | ActiveRecord: 0.0ms)


Started GET "/assets/spa-demo/cities/cities.controller.self-8fd62a0b9a9c4254e66dad42d9df975a49b0686a7d02b7186fd6db65b48938bb.js?body=1" for 172.20.0.1 at 2020-06-05 09:49:52 +0000


Started GET "/api/cities" for 172.20.0.1 at 2020-06-05 09:49:53 +0000
Processing by CitiesController#index as JSON
  [1m[36mCity Load (0.5ms)[0m  [1mSELECT "cities".* FROM "cities"[0m
  Rendered cities/_city.json.jbuilder (0.6ms)
  Rendered cities/_city.json.jbuilder (0.5ms)
  Rendered cities/_city.json.jbuilder (0.5ms)
  Rendered cities/index.json.jbuilder (7.6ms)
Completed 200 OK in 9ms (Views: 8.1ms | ActiveRecord: 0.5ms)


Started PUT "/api/cities/4" for 172.20.0.1 at 2020-06-05 09:50:01 +0000
Processing by CitiesController#update as JSON
  Parameters: {"city"=>{"id"=>4, "name"=>"12324567", "created_at"=>"2020-06-05T09:42:46.755Z", "updated_at"=>"2020-06-05T09:44:24.800Z", "url"=>"http://localhost:3000/api/cities/4"}, "id"=>"4"}
  [1m[35mCity Load (0.4ms)[0m  SELECT  "cities".* FROM "cities" WHERE "cities"."id" = $1 LIMIT 1  [["id", 4]]
Unpermitted parameters: id, created_at, updated_at, url
  [1m[36m (0.2ms)[0m  [1mBEGIN[0m
  [1m[35mSQL (0.4ms)[0m  UPDATE "cities" SET "name" = $1, "updated_at" = $2 WHERE "cities"."id" = $3  [["name", "12324567"], ["updated_at", "2020-06-05 09:50:01.722367"], ["id", 4]]
  [1m[36m (8.5ms)[0m  [1mCOMMIT[0m
Completed 204 No Content in 16ms (ActiveRecord: 9.6ms)


Started GET "/api/cities" for 172.20.0.1 at 2020-06-05 09:50:01 +0000
Processing by CitiesController#index as JSON
  [1m[35mCity Load (4.0ms)[0m  SELECT "cities".* FROM "cities"
  Rendered cities/_city.json.jbuilder (0.8ms)
  Rendered cities/_city.json.jbuilder (0.5ms)
  Rendered cities/_city.json.jbuilder (0.6ms)
  Rendered cities/index.json.jbuilder (13.2ms)
Completed 200 OK in 15ms (Views: 10.7ms | ActiveRecord: 4.0ms)


Started PUT "/api/cities/2" for 172.20.0.1 at 2020-06-05 09:50:10 +0000
Processing by CitiesController#update as JSON
  Parameters: {"city"=>{"id"=>2, "name"=>"Baltimore", "created_at"=>"2020-05-31T19:29:25.728Z", "updated_at"=>"2020-06-05T09:47:32.784Z", "url"=>"http://localhost:3000/api/cities/2"}, "id"=>"2"}
  [1m[36mCity Load (1.2ms)[0m  [1mSELECT  "cities".* FROM "cities" WHERE "cities"."id" = $1 LIMIT 1[0m  [["id", 2]]
Unpermitted parameters: id, created_at, updated_at, url
  [1m[35m (0.3ms)[0m  BEGIN
  [1m[36mSQL (0.4ms)[0m  [1mUPDATE "cities" SET "name" = $1, "updated_at" = $2 WHERE "cities"."id" = $3[0m  [["name", "Baltimore"], ["updated_at", "2020-06-05 09:50:10.966609"], ["id", 2]]
  [1m[35m (1.4ms)[0m  COMMIT
Completed 204 No Content in 9ms (ActiveRecord: 3.2ms)


Started GET "/api/cities" for 172.20.0.1 at 2020-06-05 09:50:10 +0000
Processing by CitiesController#index as JSON
  [1m[36mCity Load (5.3ms)[0m  [1mSELECT "cities".* FROM "cities"[0m
  Rendered cities/_city.json.jbuilder (0.8ms)
  Rendered cities/_city.json.jbuilder (0.9ms)
  Rendered cities/_city.json.jbuilder (1.0ms)
  Rendered cities/index.json.jbuilder (21.8ms)
Completed 200 OK in 24ms (Views: 18.2ms | ActiveRecord: 5.3ms)


Started DELETE "/api/cities/5" for 172.20.0.1 at 2020-06-05 09:50:13 +0000
Processing by CitiesController#destroy as JSON
  Parameters: {"id"=>"5"}
  [1m[35mCity Load (0.4ms)[0m  SELECT  "cities".* FROM "cities" WHERE "cities"."id" = $1 LIMIT 1  [["id", 5]]
  [1m[36m (0.9ms)[0m  [1mBEGIN[0m
  [1m[35mSQL (0.9ms)[0m  DELETE FROM "cities" WHERE "cities"."id" = $1  [["id", 5]]
  [1m[36m (1.2ms)[0m  [1mCOMMIT[0m
Completed 204 No Content in 7ms (ActiveRecord: 3.2ms)


Started DELETE "/api/cities/4" for 172.20.0.1 at 2020-06-05 09:50:14 +0000
Processing by CitiesController#destroy as JSON
  Parameters: {"id"=>"4"}
  [1m[35mCity Load (0.4ms)[0m  SELECT  "cities".* FROM "cities" WHERE "cities"."id" = $1 LIMIT 1  [["id", 4]]
  [1m[36m (0.6ms)[0m  [1mBEGIN[0m
  [1m[35mSQL (0.9ms)[0m  DELETE FROM "cities" WHERE "cities"."id" = $1  [["id", 4]]
  [1m[36m (1.0ms)[0m  [1mCOMMIT[0m
Completed 204 No Content in 5ms (ActiveRecord: 2.9ms)


Started POST "/api/cities" for 172.20.0.1 at 2020-06-05 09:50:25 +0000
Processing by CitiesController#create as JSON
  Parameters: {"city"=>{"name"=>"Chicago"}}
  [1m[35m (0.3ms)[0m  BEGIN
  [1m[36mSQL (1.7ms)[0m  [1mINSERT INTO "cities" ("name", "created_at", "updated_at") VALUES ($1, $2, $3) RETURNING "id"[0m  [["name", "Chicago"], ["created_at", "2020-06-05 09:50:25.383988"], ["updated_at", "2020-06-05 09:50:25.383988"]]
  [1m[35m (1.3ms)[0m  COMMIT
  Rendered cities/_city.json.jbuilder (0.3ms)
  Rendered cities/show.json.jbuilder (1.3ms)
Completed 201 Created in 9ms (Views: 2.8ms | ActiveRecord: 3.2ms)


Started POST "/api/cities" for 172.20.0.1 at 2020-06-05 09:50:34 +0000
Processing by CitiesController#create as JSON
  Parameters: {"city"=>{"name"=>"Moscow"}}
  [1m[36m (0.9ms)[0m  [1mBEGIN[0m
  [1m[35mSQL (1.2ms)[0m  INSERT INTO "cities" ("name", "created_at", "updated_at") VALUES ($1, $2, $3) RETURNING "id"  [["name", "Moscow"], ["created_at", "2020-06-05 09:50:34.080635"], ["updated_at", "2020-06-05 09:50:34.080635"]]
  [1m[36m (1.0ms)[0m  [1mCOMMIT[0m
  Rendered cities/_city.json.jbuilder (0.5ms)
  Rendered cities/show.json.jbuilder (2.1ms)
Completed 201 Created in 11ms (Views: 4.5ms | ActiveRecord: 3.2ms)


Started PUT "/api/cities/7" for 172.20.0.1 at 2020-06-05 09:50:48 +0000
Processing by CitiesController#update as JSON
  Parameters: {"city"=>{"id"=>7, "name"=>"St. Petersburg", "created_at"=>"2020-06-05T09:50:34.080Z", "updated_at"=>"2020-06-05T09:50:34.080Z", "url"=>"http://localhost:3000/api/cities/7"}, "id"=>"7"}
  [1m[35mCity Load (0.9ms)[0m  SELECT  "cities".* FROM "cities" WHERE "cities"."id" = $1 LIMIT 1  [["id", 7]]
Unpermitted parameters: id, created_at, updated_at, url
  [1m[36m (0.6ms)[0m  [1mBEGIN[0m
  [1m[35mSQL (1.6ms)[0m  UPDATE "cities" SET "name" = $1, "updated_at" = $2 WHERE "cities"."id" = $3  [["name", "St. Petersburg"], ["updated_at", "2020-06-05 09:50:48.505098"], ["id", 7]]
  [1m[36m (1.3ms)[0m  [1mCOMMIT[0m
Completed 204 No Content in 11ms (ActiveRecord: 4.5ms)


Started GET "/api/cities" for 172.20.0.1 at 2020-06-05 09:50:48 +0000
Processing by CitiesController#index as JSON
  [1m[35mCity Load (0.8ms)[0m  SELECT "cities".* FROM "cities"
  Rendered cities/_city.json.jbuilder (0.7ms)
  Rendered cities/_city.json.jbuilder (0.5ms)
  Rendered cities/_city.json.jbuilder (0.6ms)
  Rendered cities/index.json.jbuilder (11.9ms)
Completed 200 OK in 17ms (Views: 15.8ms | ActiveRecord: 0.8ms)


Started GET "/" for 172.20.0.1 at 2020-06-05 09:51:54 +0000
Processing by UiController#index as HTML
  Rendered ui/index.html.erb (127.8ms)
Completed 200 OK in 133ms (Views: 132.3ms | ActiveRecord: 0.0ms)


Started GET "/api/cities" for 172.20.0.1 at 2020-06-05 09:51:55 +0000
Processing by CitiesController#index as JSON
  [1m[35mCity Load (0.5ms)[0m  SELECT "cities".* FROM "cities"
  Rendered cities/_city.json.jbuilder (0.7ms)
  Rendered cities/_city.json.jbuilder (0.5ms)
  Rendered cities/_city.json.jbuilder (0.8ms)
  Rendered cities/index.json.jbuilder (13.9ms)
Completed 200 OK in 16ms (Views: 14.9ms | ActiveRecord: 0.5ms)


Started PUT "/api/cities/2" for 172.20.0.1 at 2020-06-05 09:52:15 +0000
Processing by CitiesController#update as JSON
  Parameters: {"city"=>{"id"=>2, "name"=>"Baltimore", "created_at"=>"2020-05-31T19:29:25.728Z", "updated_at"=>"2020-06-05T09:50:10.966Z", "url"=>"http://localhost:3000/api/cities/2"}, "id"=>"2"}
  [1m[36mCity Load (1.4ms)[0m  [1mSELECT  "cities".* FROM "cities" WHERE "cities"."id" = $1 LIMIT 1[0m  [["id", 2]]
Unpermitted parameters: id, created_at, updated_at, url
  [1m[35m (0.3ms)[0m  BEGIN
  [1m[36m (0.6ms)[0m  [1mCOMMIT[0m
Completed 204 No Content in 6ms (ActiveRecord: 2.2ms)


Started GET "/api/cities" for 172.20.0.1 at 2020-06-05 09:52:15 +0000
Processing by CitiesController#index as JSON
  [1m[35mCity Load (0.7ms)[0m  SELECT "cities".* FROM "cities"
  Rendered cities/_city.json.jbuilder (1.0ms)
  Rendered cities/_city.json.jbuilder (0.7ms)
  Rendered cities/_city.json.jbuilder (0.7ms)
  Rendered cities/index.json.jbuilder (8.0ms)
Completed 200 OK in 10ms (Views: 9.1ms | ActiveRecord: 0.7ms)
